[18:51:03] [ServerMain/INFO]: Environment: authHost='https://authserver.mojang.com', accountsHost='https://api.mojang.com', sessionHost='https://sessionserver.mojang.com', servicesHost='https://api.minecraftservices.com', name='PROD'
[18:51:06] [ServerMain/INFO]: Loaded 7 recipes
[18:51:06] [Server thread/INFO]: Starting minecraft server version 1.20.1
[18:51:06] [Server thread/INFO]: Loading properties
[18:51:06] [Server thread/INFO]: This server is running Paper version git-Paper-196 (MC: 1.20.1) (Implementing API version 1.20.1-R0.1-SNAPSHOT) (Git: 773dd72)
[18:51:07] [Server thread/INFO]: Server Ping Player Sample Count: 12
[18:51:07] [Server thread/INFO]: Using 4 threads for Netty based IO
[18:51:07] [Server thread/WARN]: [!] The timings profiler has been enabled but has been scheduled for removal from Paper in the future.
    We recommend installing the spark profiler as a replacement: https://spark.lucko.me/
    For more information please visit: https://github.com/PaperMC/Paper/issues/8948
[18:51:07] [Server thread/INFO]: [ChunkTaskScheduler] Chunk system is using 1 I/O threads, 1 worker threads, and gen parallelism of 1 threads
[18:51:08] [Server thread/INFO]: Default game type: SURVIVAL
[18:51:08] [Server thread/INFO]: Generating keypair
[18:51:08] [Server console handler/WARN]: [org.jline] Failed to load history
java.lang.IllegalArgumentException: Bad history file syntax! The history file `.console_history` may be an older history: please remove it or use a different history file.
	at org.jline.reader.impl.history.DefaultHistory.addHistoryLine(DefaultHistory.java:175) ~[jline-reader-3.20.0.jar:?]
	at org.jline.reader.impl.history.DefaultHistory.addHistoryLine(DefaultHistory.java:165) ~[jline-reader-3.20.0.jar:?]
	at org.jline.reader.impl.history.DefaultHistory.lambda$load$0(DefaultHistory.java:86) ~[jline-reader-3.20.0.jar:?]
	at java.util.Iterator.forEachRemaining(Iterator.java:133) ~[?:?]
	at java.util.Spliterators$IteratorSpliterator.forEachRemaining(Spliterators.java:1845) ~[?:?]
	at java.util.stream.ReferencePipeline$Head.forEach(ReferencePipeline.java:762) ~[?:?]
	at org.jline.reader.impl.history.DefaultHistory.load(DefaultHistory.java:86) ~[jline-reader-3.20.0.jar:?]
	at org.jline.reader.impl.history.DefaultHistory.attach(DefaultHistory.java:69) ~[jline-reader-3.20.0.jar:?]
	at org.jline.reader.impl.LineReaderImpl.readLine(LineReaderImpl.java:603) ~[jline-reader-3.20.0.jar:?]
	at org.jline.reader.impl.LineReaderImpl.readLine(LineReaderImpl.java:468) ~[jline-reader-3.20.0.jar:?]
	at net.minecrell.terminalconsole.SimpleTerminalConsole.readCommands(SimpleTerminalConsole.java:158) ~[terminalconsoleappender-1.3.0.jar:?]
	at net.minecrell.terminalconsole.SimpleTerminalConsole.start(SimpleTerminalConsole.java:141) ~[terminalconsoleappender-1.3.0.jar:?]
	at net.minecraft.server.dedicated.DedicatedServer$1.run(DedicatedServer.java:102) ~[paper-1.20.1.jar:git-Paper-196]
[18:51:08] [Server thread/INFO]: Starting Minecraft server on *:25565
[18:51:08] [Server thread/INFO]: Using epoll channel type
[18:51:08] [Server thread/INFO]: Paper: Using libdeflate (Linux x86_64) compression from Velocity.
[18:51:08] [Server thread/INFO]: Paper: Using OpenSSL 3.0.x (Linux x86_64) cipher from Velocity.
[18:51:08] [Server thread/INFO]: Server permissions file permissions.yml is empty, ignoring it
[18:51:08] [Server thread/WARN]: **** SERVER IS RUNNING IN OFFLINE/INSECURE MODE!
[18:51:08] [Server thread/WARN]: The server will make no attempt to authenticate usernames. Beware.
[18:51:08] [Server thread/WARN]: While this makes the game possible to play without internet access, it also opens up the ability for hackers to connect with any username they choose.
[18:51:08] [Server thread/WARN]: To change this, set "online-mode" to "true" in the server.properties file.
[18:51:08] [Server thread/INFO]: Preparing level "world"
[18:51:09] [Server thread/INFO]: Preparing start region for dimension minecraft:overworld
[18:51:09] [Server thread/INFO]: Time elapsed: 372 ms
[18:51:09] [Server thread/INFO]: Preparing start region for dimension minecraft:the_nether
[18:51:09] [Server thread/INFO]: Time elapsed: 101 ms
[18:51:09] [Server thread/INFO]: Preparing start region for dimension minecraft:the_end
[18:51:09] [Server thread/INFO]: Time elapsed: 67 ms
[18:51:09] [Server thread/INFO]: Running delayed init tasks
[18:51:09] [Server thread/INFO]: Done (2.908s)! For help, type "help"
[18:51:09] [Server thread/INFO]: Timings Reset
[18:51:51] [User Authenticator #0/INFO]: UUID of player BruhYoichi is 6566db9a-8982-3fd3-9247-053bc2400d2e
[18:51:51] [Server thread/INFO]: BruhYoichi joined the game
[18:51:51] [Server thread/INFO]: BruhYoichi[/127.140.124.193:48747] logged in with entity id 90 at ([world]2238.923980344798, 65.0, 3620.272845329453)
[18:52:53] [User Authenticator #1/INFO]: UUID of player Maxisccs is 2f75cc0b-7d44-3317-a8f3-7495ea0a7b2c
[18:52:53] [Server thread/INFO]: Maxisccs joined the game
[18:52:53] [Server thread/INFO]: Maxisccs[/127.52.197.205:50123] logged in with entity id 576 at ([world]2361.6264510022975, -53.0, 3709.2036687738014)
[18:53:24] [Async Chat Thread - #1/INFO]: [Not Secure] <Maxisccs> diablo
[18:53:32] [Async Chat Thread - #0/INFO]: [Not Secure] <BruhYoichi> q
[18:54:03] [Async Chat Thread - #1/INFO]: [Not Secure] <BruhYoichi> afk
[18:58:43] [User Authenticator #2/INFO]: UUID of player Titosanti is 4167d166-6254-3758-90b1-7d2ea033fc24
[18:58:43] [Server thread/INFO]: Titosanti joined the game
[18:58:43] [Server thread/INFO]: Titosanti[/127.177.74.20:34571] logged in with entity id 2092 at ([world]2185.566364720167, 83.0, 36.772081303551154)
[18:59:27] [User Authenticator #2/INFO]: UUID of player Frist is 98909eed-cd90-3a2c-b29b-d1122d3e68d5
[18:59:27] [Server thread/INFO]: Frist joined the game
[18:59:27] [Server thread/INFO]: Frist[/127.26.101.163:45721] logged in with entity id 2599 at ([world]2305.6422090816973, -50.0, 3638.5335445267474)
[18:59:43] [Server thread/INFO]: Frist lost connection: Disconnected
[18:59:43] [Server thread/INFO]: Frist left the game
[18:59:45] [User Authenticator #2/INFO]: UUID of player Frist is 98909eed-cd90-3a2c-b29b-d1122d3e68d5
[18:59:45] [Server thread/INFO]: Frist joined the game
[18:59:45] [Server thread/INFO]: Frist[/127.26.101.163:38145] logged in with entity id 2718 at ([world]2305.6422090816973, -50.0, 3638.5335445267474)
[18:59:56] [Async Chat Thread - #2/INFO]: [Not Secure] <Frist> lo nuestro es una guerra en el AmoRRRRrrrrrr
[19:00:01] [Async Chat Thread - #3/INFO]: [Not Secure] <Maxisccs> XD
[19:00:01] [Async Chat Thread - #4/INFO]: [Not Secure] <Frist> QUIERO COMERTE TOH LOS DIAS
[19:00:06] [Async Chat Thread - #3/INFO]: [Not Secure] <Frist> TENERTE DFE NUEVO ES MI FANTASIA
[19:00:09] [Async Chat Thread - #3/INFO]: [Not Secure] <Frist> BEBEEBEBEBEÇ
[19:00:12] [Async Chat Thread - #4/INFO]: [Not Secure] <Frist> ven A miIiI
[19:00:19] [Async Chat Thread - #3/INFO]: [Not Secure] <Maxisccs> ve al tipo ve
[19:00:21] [Async Chat Thread - #4/INFO]: [Not Secure] <Frist> xd
[19:00:22] [Async Chat Thread - #3/INFO]: [Not Secure] <Titosanti> w
[19:00:24] [Async Chat Thread - #4/INFO]: [Not Secure] <Frist> maxi
[19:00:26] [Async Chat Thread - #3/INFO]: [Not Secure] <Maxisccs> q
[19:00:27] [Async Chat Thread - #4/INFO]: [Not Secure] <Frist> dejame decirte q
[19:00:31] [Async Chat Thread - #3/INFO]: [Not Secure] <Frist> eso me huele a xray
[19:00:39] [Async Chat Thread - #4/INFO]: [Not Secure] <Maxisccs> quieren call?
